<?xml version="1.0" encoding="UTF-8"?>
<testsuite name="BinStringTestOriginal" tests="1" skipped="0" failures="0" errors="0" timestamp="2020-10-28T12:59:49" hostname="DESKTOP-86HNGCS" time="0.025">
  <properties/>
  <testcase name="testBinariseFunction()" classname="BinStringTestOriginal" time="0.025"/>
  <system-out><![CDATA[]]></system-out>
  <system-err><![CDATA[]]></system-err>
</testsuite>
